<?xml version="1.0" encoding="UTF-8"?>
<!-- Generated by org.testng.reporters.JUnitReportReporter -->
<testsuite skipped="0" hostname="DESKTOP-RSTO0AN" name="testNG.concepts.TestNGPractice" tests="3" failures="0" timestamp="02 Nov 2020 18:22:40 GMT" time="2.445" errors="0">
  <testcase name="navigateToURL" time="1.889" classname="testNG.concepts.TestNGPractice"/>
  <testcase name="myAccountIsPresent" time="0.101" classname="testNG.concepts.TestNGPractice"/>
  <testcase name="loginToMyAccount" time="0.455" classname="testNG.concepts.TestNGPractice"/>
</testsuite> <!-- testNG.concepts.TestNGPractice -->
