<?xml version="1.0" encoding="UTF-8"?>
<!-- Generated by org.testng.reporters.JUnitReportReporter -->
<testsuite skipped="0" hostname="DESKTOP-M0RCAUK" name="testNG.concepts.TestNGDependent" tests="3" failures="0" timestamp="29 Oct 2020 01:02:29 GMT" time="0.011" errors="0">
  <testcase name="test_OpenBrowser" time="0.009" classname="testNG.concepts.TestNGDependent"/>
  <testcase name="test_NavigateToURL" time="0.002" classname="testNG.concepts.TestNGDependent"/>
  <testcase name="test_SignINtoApplication" time="0.000" classname="testNG.concepts.TestNGDependent"/>
</testsuite> <!-- testNG.concepts.TestNGDependent -->
