<?xml version="1.0" encoding="UTF-8"?>
<!-- Generated by org.testng.reporters.JUnitReportReporter -->
<testsuite skipped="1" hostname="DESKTOP-RSTO0AN" name="testNG.concepts.TestNGDataDrivenConcepts" tests="4" failures="0" timestamp="02 Nov 2020 18:11:08 GMT" time="0.010" errors="0">
  <testcase name="dataProviderExample" time="0.009" classname="testNG.concepts.TestNGDataDrivenConcepts"/>
  <testcase name="dataProviderExample" time="0.001" classname="testNG.concepts.TestNGDataDrivenConcepts"/>
  <testcase name="dataProviderExample" time="0.000" classname="testNG.concepts.TestNGDataDrivenConcepts"/>
  <testcase name="parametersExample" classname="testNG.concepts.TestNGDataDrivenConcepts">
    <skipped/>
  </testcase> <!-- parametersExample -->
</testsuite> <!-- testNG.concepts.TestNGDataDrivenConcepts -->
