<?xml version="1.0" encoding="UTF-8"?>
<!-- Generated by org.testng.reporters.JUnitReportReporter -->
<testsuite skipped="0" hostname="DESKTOP-RSTO0AN" name="test.LoginTest" tests="1" failures="0" timestamp="03 Nov 2020 02:41:32 GMT" time="14.833" errors="0">
  <testcase name="loginToHotel" time="14.833" classname="test.LoginTest"/>
</testsuite> <!-- test.LoginTest -->
